# JRE version: OpenJDK Runtime Environment (11.0.13) (build 11.0.13+0-b1751.21-8125866)
# Java VM: OpenJDK 64-Bit Server VM (11.0.13+0-b1751.21-8125866, mixed mode, tiered, compressed oops, g1 gc, windows-amd64)
Heap:
 garbage-first heap   total 129024K, used 61628K [0x00000000a0000000, 0x0000000100000000)
  region size 1024K, 32 young (32768K), 7 survivors (7168K)
 Metaspace       used 40911K, capacity 41809K, committed 41936K, reserved 1085440K
  class space    used 5166K, capacity 5467K, committed 5504K, reserved 1048576K
GC Heap History (16 events):
Event: 4.379 GC heap before
{Heap before GC invocations=0 (full 0):
 garbage-first heap   total 129024K, used 19456K [0x00000000a0000000, 0x0000000100000000)
  region size 1024K, 14 young (14336K), 0 survivors (0K)
 Metaspace       used 7678K, capacity 7901K, committed 8064K, reserved 1056768K
  class space    used 709K, capacity 781K, committed 896K, reserved 1048576K
}
Event: 4.386 GC heap after
{Heap after GC invocations=1 (full 0):
 garbage-first heap   total 129024K, used 7696K [0x00000000a0000000, 0x0000000100000000)
  region size 1024K, 2 young (2048K), 2 survivors (2048K)
 Metaspace       used 7678K, capacity 7901K, committed 8064K, reserved 1056768K
  class space    used 709K, capacity 781K, committed 896K, reserved 1048576K
}
Event: 5.980 GC heap before
{Heap before GC invocations=1 (full 0):
 garbage-first heap   total 129024K, used 18960K [0x00000000a0000000, 0x0000000100000000)
  region size 1024K, 13 young (13312K), 2 survivors (2048K)
 Metaspace       used 10441K, capacity 10670K, committed 10880K, reserved 1058816K
  class space    used 1078K, capacity 1131K, committed 1152K, reserved 1048576K
}
Event: 5.985 GC heap after
{Heap after GC invocations=2 (full 0):
 garbage-first heap   total 129024K, used 8485K [0x00000000a0000000, 0x0000000100000000)
  region size 1024K, 1 young (1024K), 1 survivors (1024K)
 Metaspace       used 10441K, capacity 10670K, committed 10880K, reserved 1058816K
  class space    used 1078K, capacity 1131K, committed 1152K, reserved 1048576K
}
Event: 9.527 GC heap before
{Heap before GC invocations=2 (full 0):
 garbage-first heap   total 129024K, used 36133K [0x00000000a0000000, 0x0000000100000000)
  region size 1024K, 29 young (29696K), 1 survivors (1024K)
 Metaspace       used 10678K, capacity 10982K, committed 11264K, reserved 1058816K
  class space    used 1099K, capacity 1171K, committed 1280K, reserved 1048576K
}
Event: 9.533 GC heap after
{Heap after GC invocations=3 (full 0):
 garbage-first heap   total 129024K, used 12659K [0x00000000a0000000, 0x0000000100000000)
  region size 1024K, 4 young (4096K), 4 survivors (4096K)
 Metaspace       used 10678K, capacity 10982K, committed 11264K, reserved 1058816K
  class space    used 1099K, capacity 1171K, committed 1280K, reserved 1048576K
}
Event: 14.423 GC heap before
{Heap before GC invocations=3 (full 0):
 garbage-first heap   total 129024K, used 53619K [0x00000000a0000000, 0x0000000100000000)
  region size 1024K, 44 young (45056K), 4 survivors (4096K)
 Metaspace       used 19078K, capacity 19535K, committed 19584K, reserved 1067008K
  class space    used 2267K, capacity 2407K, committed 2432K, reserved 1048576K
}
Event: 14.435 GC heap after
{Heap after GC invocations=4 (full 0):
 garbage-first heap   total 129024K, used 15510K [0x00000000a0000000, 0x0000000100000000)
  region size 1024K, 3 young (3072K), 3 survivors (3072K)
 Metaspace       used 19078K, capacity 19535K, committed 19584K, reserved 1067008K
  class space    used 2267K, capacity 2407K, committed 2432K, reserved 1048576K
}
Event: 15.793 GC heap before
{Heap before GC invocations=4 (full 0):
 garbage-first heap   total 129024K, used 26774K [0x00000000a0000000, 0x0000000100000000)
  region size 1024K, 16 young (16384K), 3 survivors (3072K)
 Metaspace       used 20793K, capacity 21180K, committed 21296K, reserved 1069056K
  class space    used 2471K, capacity 2635K, committed 2688K, reserved 1048576K
}
Event: 15.801 GC heap after
{Heap after GC invocations=5 (full 0):
 garbage-first heap   total 129024K, used 15884K [0x00000000a0000000, 0x0000000100000000)
  region size 1024K, 4 young (4096K), 4 survivors (4096K)
 Metaspace       used 20793K, capacity 21180K, committed 21296K, reserved 1069056K
  class space    used 2471K, capacity 2635K, committed 2688K, reserved 1048576K
}
Event: 24.688 GC heap before
{Heap before GC invocations=6 (full 0):
 garbage-first heap   total 129024K, used 72204K [0x00000000a0000000, 0x0000000100000000)
  region size 1024K, 49 young (50176K), 4 survivors (4096K)
 Metaspace       used 26620K, capacity 27276K, committed 27440K, reserved 1073152K
  class space    used 3370K, capacity 3597K, committed 3712K, reserved 1048576K
}
Event: 24.703 GC heap after
{Heap after GC invocations=7 (full 0):
 garbage-first heap   total 129024K, used 31015K [0x00000000a0000000, 0x0000000100000000)
  region size 1024K, 7 young (7168K), 7 survivors (7168K)
 Metaspace       used 26620K, capacity 27276K, committed 27440K, reserved 1073152K
  class space    used 3370K, capacity 3597K, committed 3712K, reserved 1048576K
}
Event: 30.837 GC heap before
{Heap before GC invocations=7 (full 0):
 garbage-first heap   total 129024K, used 76071K [0x00000000a0000000, 0x0000000100000000)
  region size 1024K, 50 young (51200K), 7 survivors (7168K)
 Metaspace       used 35113K, capacity 35836K, committed 35920K, reserved 1081344K
  class space    used 4325K, capacity 4594K, committed 4608K, reserved 1048576K
}
Event: 30.857 GC heap after
{Heap after GC invocations=8 (full 0):
 garbage-first heap   total 129024K, used 36006K [0x00000000a0000000, 0x0000000100000000)
  region size 1024K, 7 young (7168K), 7 survivors (7168K)
 Metaspace       used 35113K, capacity 35836K, committed 35920K, reserved 1081344K
  class space    used 4325K, capacity 4594K, committed 4608K, reserved 1048576K
}
Event: 32.919 GC heap before
{Heap before GC invocations=9 (full 0):
 garbage-first heap   total 129024K, used 82086K [0x00000000a0000000, 0x0000000100000000)
  region size 1024K, 53 young (54272K), 7 survivors (7168K)
 Metaspace       used 39032K, capacity 39918K, committed 40144K, reserved 1085440K
  class space    used 4897K, capacity 5179K, committed 5248K, reserved 1048576K
}
Event: 32.938 GC heap after
{Heap after GC invocations=10 (full 0):
 garbage-first heap   total 129024K, used 37052K [0x00000000a0000000, 0x0000000100000000)
  region size 1024K, 7 young (7168K), 7 survivors (7168K)
 Metaspace       used 39032K, capacity 39918K, committed 40144K, reserved 1085440K
  class space    used 4897K, capacity 5179K, committed 5248K, reserved 1048576K
}

