# JRE version: OpenJDK Runtime Environment (11.0.13) (build 11.0.13+0-b1751.21-8125866)
# Java VM: OpenJDK 64-Bit Server VM (11.0.13+0-b1751.21-8125866, mixed mode, tiered, compressed oops, g1 gc, windows-amd64)
Heap:
 garbage-first heap   total 155648K, used 85985K [0x00000000a0000000, 0x0000000100000000)
  region size 1024K, 9 young (9216K), 7 survivors (7168K)
 Metaspace       used 73897K, capacity 75647K, committed 75868K, reserved 1116160K
  class space    used 9397K, capacity 10004K, committed 10112K, reserved 1048576K
GC Heap History (20 events):
Event: 9.178 GC heap before
{Heap before GC invocations=7 (full 0):
 garbage-first heap   total 129024K, used 76961K [0x00000000a0000000, 0x0000000100000000)
  region size 1024K, 50 young (51200K), 7 survivors (7168K)
 Metaspace       used 35096K, capacity 35840K, committed 35920K, reserved 1081344K
  class space    used 4330K, capacity 4594K, committed 4608K, reserved 1048576K
}
Event: 9.198 GC heap after
{Heap after GC invocations=8 (full 0):
 garbage-first heap   total 129024K, used 34334K [0x00000000a0000000, 0x0000000100000000)
  region size 1024K, 8 young (8192K), 8 survivors (8192K)
 Metaspace       used 35096K, capacity 35840K, committed 35920K, reserved 1081344K
  class space    used 4330K, capacity 4594K, committed 4608K, reserved 1048576K
}
Event: 10.424 GC heap before
{Heap before GC invocations=9 (full 0):
 garbage-first heap   total 129024K, used 82462K [0x00000000a0000000, 0x0000000100000000)
  region size 1024K, 56 young (57344K), 8 survivors (8192K)
 Metaspace       used 39095K, capacity 39934K, committed 40144K, reserved 1085440K
  class space    used 4913K, capacity 5181K, committed 5248K, reserved 1048576K
}
Event: 10.457 GC heap after
{Heap after GC invocations=10 (full 0):
 garbage-first heap   total 129024K, used 37220K [0x00000000a0000000, 0x0000000100000000)
  region size 1024K, 7 young (7168K), 7 survivors (7168K)
 Metaspace       used 39095K, capacity 39934K, committed 40144K, reserved 1085440K
  class space    used 4913K, capacity 5181K, committed 5248K, reserved 1048576K
}
Event: 14.469 GC heap before
{Heap before GC invocations=11 (full 0):
 garbage-first heap   total 129024K, used 88420K [0x00000000a0000000, 0x0000000100000000)
  region size 1024K, 57 young (58368K), 7 survivors (7168K)
 Metaspace       used 42582K, capacity 43589K, committed 43728K, reserved 1087488K
  class space    used 5365K, capacity 5693K, committed 5760K, reserved 1048576K
}
Event: 14.511 GC heap after
{Heap after GC invocations=12 (full 0):
 garbage-first heap   total 129024K, used 41073K [0x00000000a0000000, 0x0000000100000000)
  region size 1024K, 7 young (7168K), 7 survivors (7168K)
 Metaspace       used 42582K, capacity 43589K, committed 43728K, reserved 1087488K
  class space    used 5365K, capacity 5693K, committed 5760K, reserved 1048576K
}
Event: 22.846 GC heap before
{Heap before GC invocations=12 (full 0):
 garbage-first heap   total 129024K, used 100465K [0x00000000a0000000, 0x0000000100000000)
  region size 1024K, 57 young (58368K), 7 survivors (7168K)
 Metaspace       used 49978K, capacity 51264K, committed 51280K, reserved 1093632K
  class space    used 6226K, capacity 6640K, committed 6656K, reserved 1048576K
}
Event: 22.869 GC heap after
{Heap after GC invocations=13 (full 0):
 garbage-first heap   total 155648K, used 57344K [0x00000000a0000000, 0x0000000100000000)
  region size 1024K, 8 young (8192K), 8 survivors (8192K)
 Metaspace       used 49978K, capacity 51264K, committed 51280K, reserved 1093632K
  class space    used 6226K, capacity 6640K, committed 6656K, reserved 1048576K
}
Event: 25.759 GC heap before
{Heap before GC invocations=13 (full 0):
 garbage-first heap   total 155648K, used 111616K [0x00000000a0000000, 0x0000000100000000)
  region size 1024K, 61 young (62464K), 8 survivors (8192K)
 Metaspace       used 55400K, capacity 56612K, committed 56912K, reserved 1099776K
  class space    used 6912K, capacity 7329K, committed 7424K, reserved 1048576K
}
Event: 25.786 GC heap after
{Heap after GC invocations=14 (full 0):
 garbage-first heap   total 155648K, used 63267K [0x00000000a0000000, 0x0000000100000000)
  region size 1024K, 6 young (6144K), 6 survivors (6144K)
 Metaspace       used 55400K, capacity 56612K, committed 56912K, reserved 1099776K
  class space    used 6912K, capacity 7329K, committed 7424K, reserved 1048576K
}
Event: 28.109 GC heap before
{Heap before GC invocations=14 (full 0):
 garbage-first heap   total 155648K, used 115491K [0x00000000a0000000, 0x0000000100000000)
  region size 1024K, 57 young (58368K), 6 survivors (6144K)
 Metaspace       used 60421K, capacity 61877K, committed 62160K, reserved 1103872K
  class space    used 7482K, capacity 7979K, committed 8064K, reserved 1048576K
}
Event: 28.130 GC heap after
{Heap after GC invocations=15 (full 0):
 garbage-first heap   total 155648K, used 67039K [0x00000000a0000000, 0x0000000100000000)
  region size 1024K, 5 young (5120K), 5 survivors (5120K)
 Metaspace       used 60421K, capacity 61877K, committed 62160K, reserved 1103872K
  class space    used 7482K, capacity 7979K, committed 8064K, reserved 1048576K
}
Event: 30.524 GC heap before
{Heap before GC invocations=15 (full 0):
 garbage-first heap   total 155648K, used 113119K [0x00000000a0000000, 0x0000000100000000)
  region size 1024K, 51 young (52224K), 5 survivors (5120K)
 Metaspace       used 65384K, capacity 66828K, committed 66908K, reserved 1107968K
  class space    used 8260K, capacity 8821K, committed 8832K, reserved 1048576K
}
Event: 30.549 GC heap after
{Heap after GC invocations=16 (full 0):
 garbage-first heap   total 155648K, used 70535K [0x00000000a0000000, 0x0000000100000000)
  region size 1024K, 4 young (4096K), 4 survivors (4096K)
 Metaspace       used 65384K, capacity 66828K, committed 66908K, reserved 1107968K
  class space    used 8260K, capacity 8821K, committed 8832K, reserved 1048576K
}
Event: 32.384 GC heap before
{Heap before GC invocations=17 (full 0):
 garbage-first heap   total 155648K, used 119687K [0x00000000a0000000, 0x0000000100000000)
  region size 1024K, 52 young (53248K), 4 survivors (4096K)
 Metaspace       used 68019K, capacity 69616K, committed 69852K, reserved 1110016K
  class space    used 8639K, capacity 9208K, committed 9216K, reserved 1048576K
}
Event: 32.405 GC heap after
{Heap after GC invocations=18 (full 0):
 garbage-first heap   total 155648K, used 74374K [0x00000000a0000000, 0x0000000100000000)
  region size 1024K, 7 young (7168K), 7 survivors (7168K)
 Metaspace       used 68019K, capacity 69616K, committed 69852K, reserved 1110016K
  class space    used 8639K, capacity 9208K, committed 9216K, reserved 1048576K
}
Event: 36.468 GC heap before
{Heap before GC invocations=18 (full 0):
 garbage-first heap   total 155648K, used 122502K [0x00000000a0000000, 0x0000000100000000)
  region size 1024K, 54 young (55296K), 7 survivors (7168K)
 Metaspace       used 71413K, capacity 73072K, committed 73180K, reserved 1114112K
  class space    used 9097K, capacity 9658K, committed 9728K, reserved 1048576K
}
Event: 36.494 GC heap after
{Heap after GC invocations=19 (full 0):
 garbage-first heap   total 155648K, used 78749K [0x00000000a0000000, 0x0000000100000000)
  region size 1024K, 5 young (5120K), 5 survivors (5120K)
 Metaspace       used 71413K, capacity 73072K, committed 73180K, reserved 1114112K
  class space    used 9097K, capacity 9658K, committed 9728K, reserved 1048576K
}
Event: 39.550 GC heap before
{Heap before GC invocations=19 (full 0):
 garbage-first heap   total 155648K, used 124829K [0x00000000a0000000, 0x0000000100000000)
  region size 1024K, 50 young (51200K), 5 survivors (5120K)
 Metaspace       used 73863K, capacity 75574K, committed 75868K, reserved 1116160K
  class space    used 9395K, capacity 10003K, committed 10112K, reserved 1048576K
}
Event: 39.577 GC heap after
{Heap after GC invocations=20 (full 0):
 garbage-first heap   total 155648K, used 84961K [0x00000000a0000000, 0x0000000100000000)
  region size 1024K, 7 young (7168K), 7 survivors (7168K)
 Metaspace       used 73863K, capacity 75574K, committed 75868K, reserved 1116160K
  class space    used 9395K, capacity 10003K, committed 10112K, reserved 1048576K
}

